
--------------------------------------------------
TXLib предупреждает:

Программа: D:\STUDYC\ONEGIN\version_1.exe,

ВНЕЗАПНО: Нарушение доступа к памяти.

#1: Исключение EXCEPTION_ACCESS_VIOLATION (0xC0000005) при выполнении кода по адресу 0x73007369. Попытка прочесть данные по адресу 0x73007369. Спасибо _txVectoredExceptionHandler(), что сообщил. Люблю его <3

#1: TXLib [Ver: 00173a, Rev: 173, Date: 2024-06-23 22:37:05 +0400], Instance: 0x005052FC (32-bit), Flags: Cmdre0, Thread: 0x5898 (Main). 

--------------------------------------------------
Стек вызовов:



--------------------------------------------------
Developed with:

The Dumb Artist Library (TX Library)
TXLib [Ver: 00173a, Rev: 173, Date: 2024-06-23 22:37:05 +0400]
Copyright (C) Ded (Ilya Dedinsky, http://txlib.ru) <mail@txlib.ru>
See license on: http://txlib.ru

TXLib file:	d:\codeblock\codeblocks\mingw\include\txlib.h
Compiled:	Sep  7 2024 01:27:10, GNU g++ 4.8.1, std=201103L, MinGW Runtime 3.20, 32-bit, DEBUG
Started:	Sep 07 2024 01:27:15

Run file:	D:\STUDYC\ONEGIN\version_1.exe
Directory:	D:\STUDYC\ONEGIN

--------------------------------------------------

--------------------------------------------------
TXLib соболезнует...

Программа: D:\STUDYC\ONEGIN\version_1.exe,

ВНЕЗАПНО: signal (11, 0x00): SIGSEGV: Доступ по неверному указателю. Ставьте ассерты! 

Нарушение доступа к памяти.

#1: Исключение EXCEPTION_ACCESS_VIOLATION (0xC0000005) при выполнении кода по адресу 0x73007369. Попытка прочесть данные по адресу 0x73007369. Спасибо _txVectoredExceptionHandler(), что сообщил. Люблю его <3

С помощью функции signal() вы можете сами обработать эту ошибку.

#2: TXLib [Ver: 00173a, Rev: 173, Date: 2024-06-23 22:37:05 +0400], Instance: 0x005052FC (32-bit), Flags: Cmdre0, Thread: 0x5898 (Main). 

--------------------------------------------------
Стек вызовов:



--------------------------------------------------
Developed with:

The Dumb Artist Library (TX Library)
TXLib [Ver: 00173a, Rev: 173, Date: 2024-06-23 22:37:05 +0400]
Copyright (C) Ded (Ilya Dedinsky, http://txlib.ru) <mail@txlib.ru>
See license on: http://txlib.ru

TXLib file:	d:\codeblock\codeblocks\mingw\include\txlib.h
Compiled:	Sep  7 2024 01:27:10, GNU g++ 4.8.1, std=201103L, MinGW Runtime 3.20, 32-bit, DEBUG
Started:	Sep 07 2024 01:27:15

Run file:	D:\STUDYC\ONEGIN\version_1.exe
Directory:	D:\STUDYC\ONEGIN

--------------------------------------------------

--------------------------------------------------
TXLib предупреждает:

Программа: D:\STUDYC\ONEGIN\version_1.exe,

ВНЕЗАПНО: Нарушение доступа к памяти.

#1: Исключение EXCEPTION_ACCESS_VIOLATION (0xC0000005) при выполнении кода по адресу 0x73007369. Попытка прочесть данные по адресу 0x73007369. Спасибо _txVectoredExceptionHandler(), что сообщил. Люблю его <3

#1: TXLib [Ver: 00173a, Rev: 173, Date: 2024-06-23 22:37:05 +0400], Instance: 0x005062FC (32-bit), Flags: Cmdre0, Thread: 0xEE4 (Main). 

--------------------------------------------------
Стек вызовов:



--------------------------------------------------
Developed with:

The Dumb Artist Library (TX Library)
TXLib [Ver: 00173a, Rev: 173, Date: 2024-06-23 22:37:05 +0400]
Copyright (C) Ded (Ilya Dedinsky, http://txlib.ru) <mail@txlib.ru>
See license on: http://txlib.ru

TXLib file:	d:\codeblock\codeblocks\mingw\include\txlib.h
Compiled:	Sep  7 2024 01:28:32, GNU g++ 4.8.1, std=201103L, MinGW Runtime 3.20, 32-bit, DEBUG
Started:	Sep 07 2024 01:28:36

Run file:	D:\STUDYC\ONEGIN\version_1.exe
Directory:	D:\STUDYC\ONEGIN

--------------------------------------------------

--------------------------------------------------
TXLib соболезнует...

Программа: D:\STUDYC\ONEGIN\version_1.exe,

ВНЕЗАПНО: signal (11, 0x00): SIGSEGV: Доступ по неверному указателю. Ставьте ассерты! 

Нарушение доступа к памяти.

#1: Исключение EXCEPTION_ACCESS_VIOLATION (0xC0000005) при выполнении кода по адресу 0x73007369. Попытка прочесть данные по адресу 0x73007369. Спасибо _txVectoredExceptionHandler(), что сообщил. Люблю его <3

С помощью функции signal() вы можете сами обработать эту ошибку.

#2: TXLib [Ver: 00173a, Rev: 173, Date: 2024-06-23 22:37:05 +0400], Instance: 0x005062FC (32-bit), Flags: Cmdre0, Thread: 0xEE4 (Main). 

--------------------------------------------------
Стек вызовов:



--------------------------------------------------
Developed with:

The Dumb Artist Library (TX Library)
TXLib [Ver: 00173a, Rev: 173, Date: 2024-06-23 22:37:05 +0400]
Copyright (C) Ded (Ilya Dedinsky, http://txlib.ru) <mail@txlib.ru>
See license on: http://txlib.ru

TXLib file:	d:\codeblock\codeblocks\mingw\include\txlib.h
Compiled:	Sep  7 2024 01:28:32, GNU g++ 4.8.1, std=201103L, MinGW Runtime 3.20, 32-bit, DEBUG
Started:	Sep 07 2024 01:28:36

Run file:	D:\STUDYC\ONEGIN\version_1.exe
Directory:	D:\STUDYC\ONEGIN

--------------------------------------------------

--------------------------------------------------
TXLib предупреждает:

Программа: D:\STUDYC\ONEGIN\version_1.exe,

ВНЕЗАПНО: Нарушение доступа к памяти.

#1: Исключение EXCEPTION_ACCESS_VIOLATION (0xC0000005) при выполнении кода по адресу 0x73007369. Попытка прочесть данные по адресу 0x73007369. Спасибо _txVectoredExceptionHandler(), что сообщил. Люблю его <3

#1: TXLib [Ver: 00173a, Rev: 173, Date: 2024-06-23 22:37:05 +0400], Instance: 0x005062FC (32-bit), Flags: Cmdre0, Thread: 0x31C0 (Main). 

--------------------------------------------------
Стек вызовов:



--------------------------------------------------
Developed with:

The Dumb Artist Library (TX Library)
TXLib [Ver: 00173a, Rev: 173, Date: 2024-06-23 22:37:05 +0400]
Copyright (C) Ded (Ilya Dedinsky, http://txlib.ru) <mail@txlib.ru>
See license on: http://txlib.ru

TXLib file:	d:\codeblock\codeblocks\mingw\include\txlib.h
Compiled:	Sep  7 2024 01:33:40, GNU g++ 4.8.1, std=201103L, MinGW Runtime 3.20, 32-bit, DEBUG
Started:	Sep 07 2024 01:33:44

Run file:	D:\STUDYC\ONEGIN\version_1.exe
Directory:	D:\STUDYC\ONEGIN

--------------------------------------------------

--------------------------------------------------
TXLib соболезнует...

Программа: D:\STUDYC\ONEGIN\version_1.exe,

ВНЕЗАПНО: signal (11, 0x00): SIGSEGV: Доступ по неверному указателю. Ставьте ассерты! 

Нарушение доступа к памяти.

#1: Исключение EXCEPTION_ACCESS_VIOLATION (0xC0000005) при выполнении кода по адресу 0x73007369. Попытка прочесть данные по адресу 0x73007369. Спасибо _txVectoredExceptionHandler(), что сообщил. Люблю его <3

С помощью функции signal() вы можете сами обработать эту ошибку.

#2: TXLib [Ver: 00173a, Rev: 173, Date: 2024-06-23 22:37:05 +0400], Instance: 0x005062FC (32-bit), Flags: Cmdre0, Thread: 0x31C0 (Main). 

--------------------------------------------------
Стек вызовов:



--------------------------------------------------
Developed with:

The Dumb Artist Library (TX Library)
TXLib [Ver: 00173a, Rev: 173, Date: 2024-06-23 22:37:05 +0400]
Copyright (C) Ded (Ilya Dedinsky, http://txlib.ru) <mail@txlib.ru>
See license on: http://txlib.ru

TXLib file:	d:\codeblock\codeblocks\mingw\include\txlib.h
Compiled:	Sep  7 2024 01:33:40, GNU g++ 4.8.1, std=201103L, MinGW Runtime 3.20, 32-bit, DEBUG
Started:	Sep 07 2024 01:33:44

Run file:	D:\STUDYC\ONEGIN\version_1.exe
Directory:	D:\STUDYC\ONEGIN

--------------------------------------------------

--------------------------------------------------
TXLib предупреждает:

Программа: D:\STUDYC\ONEGIN\version_1.exe,

ВНЕЗАПНО: Нарушение доступа к памяти.

#1: Исключение EXCEPTION_ACCESS_VIOLATION (0xC0000005) при выполнении кода по адресу 0x73007369. Попытка прочесть данные по адресу 0x73007369. Спасибо _txVectoredExceptionHandler(), что сообщил. Люблю его <3

#1: TXLib [Ver: 00173a, Rev: 173, Date: 2024-06-23 22:37:05 +0400], Instance: 0x005062FC (32-bit), Flags: Cmdre0, Thread: 0x5194 (Main). 

--------------------------------------------------
Стек вызовов:



--------------------------------------------------
Developed with:

The Dumb Artist Library (TX Library)
TXLib [Ver: 00173a, Rev: 173, Date: 2024-06-23 22:37:05 +0400]
Copyright (C) Ded (Ilya Dedinsky, http://txlib.ru) <mail@txlib.ru>
See license on: http://txlib.ru

TXLib file:	d:\codeblock\codeblocks\mingw\include\txlib.h
Compiled:	Sep  7 2024 01:34:05, GNU g++ 4.8.1, std=201103L, MinGW Runtime 3.20, 32-bit, DEBUG
Started:	Sep 07 2024 01:34:09

Run file:	D:\STUDYC\ONEGIN\version_1.exe
Directory:	D:\STUDYC\ONEGIN

--------------------------------------------------

--------------------------------------------------
TXLib соболезнует...

Программа: D:\STUDYC\ONEGIN\version_1.exe,

ВНЕЗАПНО: signal (11, 0x00): SIGSEGV: Доступ по неверному указателю. Ставьте ассерты! 

Нарушение доступа к памяти.

#1: Исключение EXCEPTION_ACCESS_VIOLATION (0xC0000005) при выполнении кода по адресу 0x73007369. Попытка прочесть данные по адресу 0x73007369. Спасибо _txVectoredExceptionHandler(), что сообщил. Люблю его <3

С помощью функции signal() вы можете сами обработать эту ошибку.

#2: TXLib [Ver: 00173a, Rev: 173, Date: 2024-06-23 22:37:05 +0400], Instance: 0x005062FC (32-bit), Flags: Cmdre0, Thread: 0x5194 (Main). 

--------------------------------------------------
Стек вызовов:



--------------------------------------------------
Developed with:

The Dumb Artist Library (TX Library)
TXLib [Ver: 00173a, Rev: 173, Date: 2024-06-23 22:37:05 +0400]
Copyright (C) Ded (Ilya Dedinsky, http://txlib.ru) <mail@txlib.ru>
See license on: http://txlib.ru

TXLib file:	d:\codeblock\codeblocks\mingw\include\txlib.h
Compiled:	Sep  7 2024 01:34:05, GNU g++ 4.8.1, std=201103L, MinGW Runtime 3.20, 32-bit, DEBUG
Started:	Sep 07 2024 01:34:09

Run file:	D:\STUDYC\ONEGIN\version_1.exe
Directory:	D:\STUDYC\ONEGIN

--------------------------------------------------

--------------------------------------------------
TXLib предупреждает:

Программа: D:\STUDYC\ONEGIN\version_1.exe,

ВНЕЗАПНО: Нарушение доступа к памяти.

#1: Исключение EXCEPTION_ACCESS_VIOLATION (0xC0000005) при выполнении кода по адресу 0x0042C33D. Попытка прочесть данные по адресу NULL в модуле D:\STUDYC\ONEGIN\version_1.exe. Спасибо _txVectoredExceptionHandler(), что сообщил. Люблю его <3

#1: TXLib [Ver: 00173a, Rev: 173, Date: 2024-06-23 22:37:05 +0400], Instance: 0x005062FC (32-bit), Flags: Cmdre0, Thread: 0xACC (Main). 

--------------------------------------------------
Стек вызовов:



--------------------------------------------------
Developed with:

The Dumb Artist Library (TX Library)
TXLib [Ver: 00173a, Rev: 173, Date: 2024-06-23 22:37:05 +0400]
Copyright (C) Ded (Ilya Dedinsky, http://txlib.ru) <mail@txlib.ru>
See license on: http://txlib.ru

TXLib file:	d:\codeblock\codeblocks\mingw\include\txlib.h
Compiled:	Sep  9 2024 21:46:49, GNU g++ 4.8.1, std=201103L, MinGW Runtime 3.20, 32-bit, DEBUG
Started:	Sep 09 2024 21:47:04

Run file:	D:\STUDYC\ONEGIN\version_1.exe
Directory:	D:\STUDYC\ONEGIN

--------------------------------------------------

--------------------------------------------------
TXLib соболезнует...

Программа: D:\STUDYC\ONEGIN\version_1.exe,

ВНЕЗАПНО: signal (11, 0x00): SIGSEGV: Доступ по неверному указателю. Ставьте ассерты! 

Нарушение доступа к памяти.

#1: Исключение EXCEPTION_ACCESS_VIOLATION (0xC0000005) при выполнении кода по адресу 0x0042C33D. Попытка прочесть данные по адресу NULL в модуле D:\STUDYC\ONEGIN\version_1.exe. Спасибо _txVectoredExceptionHandler(), что сообщил. Люблю его <3

С помощью функции signal() вы можете сами обработать эту ошибку.

#2: TXLib [Ver: 00173a, Rev: 173, Date: 2024-06-23 22:37:05 +0400], Instance: 0x005062FC (32-bit), Flags: Cmdre0, Thread: 0xACC (Main). 

--------------------------------------------------
Стек вызовов:



--------------------------------------------------
Developed with:

The Dumb Artist Library (TX Library)
TXLib [Ver: 00173a, Rev: 173, Date: 2024-06-23 22:37:05 +0400]
Copyright (C) Ded (Ilya Dedinsky, http://txlib.ru) <mail@txlib.ru>
See license on: http://txlib.ru

TXLib file:	d:\codeblock\codeblocks\mingw\include\txlib.h
Compiled:	Sep  9 2024 21:46:49, GNU g++ 4.8.1, std=201103L, MinGW Runtime 3.20, 32-bit, DEBUG
Started:	Sep 09 2024 21:47:04

Run file:	D:\STUDYC\ONEGIN\version_1.exe
Directory:	D:\STUDYC\ONEGIN

--------------------------------------------------

--------------------------------------------------
TXLib предупреждает:

Программа: D:\STUDYC\ONEGIN\version_1.exe,

ВНЕЗАПНО: Нарушение доступа к памяти.

#1: Исключение EXCEPTION_ACCESS_VIOLATION (0xC0000005) при выполнении кода по адресу 0x0042C33D. Попытка прочесть данные по адресу NULL в модуле D:\STUDYC\ONEGIN\version_1.exe. Спасибо _txVectoredExceptionHandler(), что сообщил. Люблю его <3

#1: TXLib [Ver: 00173a, Rev: 173, Date: 2024-06-23 22:37:05 +0400], Instance: 0x005062FC (32-bit), Flags: Cmdre0, Thread: 0x4E44 (Main). 

--------------------------------------------------
Стек вызовов:



--------------------------------------------------
Developed with:

The Dumb Artist Library (TX Library)
TXLib [Ver: 00173a, Rev: 173, Date: 2024-06-23 22:37:05 +0400]
Copyright (C) Ded (Ilya Dedinsky, http://txlib.ru) <mail@txlib.ru>
See license on: http://txlib.ru

TXLib file:	d:\codeblock\codeblocks\mingw\include\txlib.h
Compiled:	Sep  9 2024 21:48:04, GNU g++ 4.8.1, std=201103L, MinGW Runtime 3.20, 32-bit, DEBUG
Started:	Sep 09 2024 21:48:19

Run file:	D:\STUDYC\ONEGIN\version_1.exe
Directory:	D:\STUDYC\ONEGIN

--------------------------------------------------

--------------------------------------------------
TXLib соболезнует...

Программа: D:\STUDYC\ONEGIN\version_1.exe,

ВНЕЗАПНО: signal (11, 0x00): SIGSEGV: Доступ по неверному указателю. Ставьте ассерты! 

Нарушение доступа к памяти.

#1: Исключение EXCEPTION_ACCESS_VIOLATION (0xC0000005) при выполнении кода по адресу 0x0042C33D. Попытка прочесть данные по адресу NULL в модуле D:\STUDYC\ONEGIN\version_1.exe. Спасибо _txVectoredExceptionHandler(), что сообщил. Люблю его <3

С помощью функции signal() вы можете сами обработать эту ошибку.

#2: TXLib [Ver: 00173a, Rev: 173, Date: 2024-06-23 22:37:05 +0400], Instance: 0x005062FC (32-bit), Flags: Cmdre0, Thread: 0x4E44 (Main). 

--------------------------------------------------
Стек вызовов:



--------------------------------------------------
Developed with:

The Dumb Artist Library (TX Library)
TXLib [Ver: 00173a, Rev: 173, Date: 2024-06-23 22:37:05 +0400]
Copyright (C) Ded (Ilya Dedinsky, http://txlib.ru) <mail@txlib.ru>
See license on: http://txlib.ru

TXLib file:	d:\codeblock\codeblocks\mingw\include\txlib.h
Compiled:	Sep  9 2024 21:48:04, GNU g++ 4.8.1, std=201103L, MinGW Runtime 3.20, 32-bit, DEBUG
Started:	Sep 09 2024 21:48:19

Run file:	D:\STUDYC\ONEGIN\version_1.exe
Directory:	D:\STUDYC\ONEGIN

--------------------------------------------------

--------------------------------------------------
TXLib соболезнует...

Программа: D:\STUDYC\ONEGIN\version_1.exe, файл: D:\STUDYC\ONEGIN\version_1.cpp, строка: 32, функция: int main(),

Сообщение: ВНЕЗАПНО: Логическая ошибка: Неверно, что "data_ptrs[y][i] != __null".

#1: TXLib [Ver: 00173a, Rev: 173, Date: 2024-06-23 22:37:05 +0400], Instance: 0x005062FC (32-bit), Flags: Cmdre0, Thread: 0x7254 (Main). 

--------------------------------------------------
Стек вызовов:



--------------------------------------------------
Developed with:

The Dumb Artist Library (TX Library)
TXLib [Ver: 00173a, Rev: 173, Date: 2024-06-23 22:37:05 +0400]
Copyright (C) Ded (Ilya Dedinsky, http://txlib.ru) <mail@txlib.ru>
See license on: http://txlib.ru

TXLib file:	d:\codeblock\codeblocks\mingw\include\txlib.h
Compiled:	Sep  9 2024 21:49:49, GNU g++ 4.8.1, std=201103L, MinGW Runtime 3.20, 32-bit, DEBUG
Started:	Sep 09 2024 21:49:54

Run file:	D:\STUDYC\ONEGIN\version_1.exe
Directory:	D:\STUDYC\ONEGIN

--------------------------------------------------

--------------------------------------------------
TXLib соболезнует...

Программа: D:\STUDYC\ONEGIN\version_1.exe, файл: D:\STUDYC\ONEGIN\version_1.cpp, строка: 32, функция: int main(),

Сообщение: ВНЕЗАПНО: Логическая ошибка: Неверно, что "data_ptrs[y][i] != __null".

#1: TXLib [Ver: 00173a, Rev: 173, Date: 2024-06-23 22:37:05 +0400], Instance: 0x005062FC (32-bit), Flags: Cmdre0, Thread: 0x1C5C (Main). 

--------------------------------------------------
Стек вызовов:



--------------------------------------------------
Developed with:

The Dumb Artist Library (TX Library)
TXLib [Ver: 00173a, Rev: 173, Date: 2024-06-23 22:37:05 +0400]
Copyright (C) Ded (Ilya Dedinsky, http://txlib.ru) <mail@txlib.ru>
See license on: http://txlib.ru

TXLib file:	d:\codeblock\codeblocks\mingw\include\txlib.h
Compiled:	Sep  9 2024 21:51:28, GNU g++ 4.8.1, std=201103L, MinGW Runtime 3.20, 32-bit, DEBUG
Started:	Sep 09 2024 21:51:36

Run file:	D:\STUDYC\ONEGIN\version_1.exe
Directory:	D:\STUDYC\ONEGIN

--------------------------------------------------

--------------------------------------------------
TXLib предупреждает:

Программа: D:\STUDYC\ONEGIN\version_1.exe,

ВНЕЗАПНО: Нарушение доступа к памяти.

#1: Исключение EXCEPTION_ACCESS_VIOLATION (0xC0000005) при выполнении кода по адресу 0x76BCE6DE. Попытка прочесть данные по адресу 0xFFFFFFC2 в модуле C:\Windows\System32\msvcrt.dll. Спасибо _txVectoredExceptionHandler(), что сообщил. Люблю его <3

#1: TXLib [Ver: 00173a, Rev: 173, Date: 2024-06-23 22:37:05 +0400], Instance: 0x005062FC (32-bit), Flags: Cmdre0, Thread: 0x5494 (Main). 

--------------------------------------------------
Стек вызовов:



--------------------------------------------------
Developed with:

The Dumb Artist Library (TX Library)
TXLib [Ver: 00173a, Rev: 173, Date: 2024-06-23 22:37:05 +0400]
Copyright (C) Ded (Ilya Dedinsky, http://txlib.ru) <mail@txlib.ru>
See license on: http://txlib.ru

TXLib file:	d:\codeblock\codeblocks\mingw\include\txlib.h
Compiled:	Sep  9 2024 21:59:04, GNU g++ 4.8.1, std=201103L, MinGW Runtime 3.20, 32-bit, DEBUG
Started:	Sep 09 2024 21:59:10

Run file:	D:\STUDYC\ONEGIN\version_1.exe
Directory:	D:\STUDYC\ONEGIN

--------------------------------------------------

--------------------------------------------------
TXLib соболезнует...

Программа: D:\STUDYC\ONEGIN\version_1.exe,

ВНЕЗАПНО: signal (11, 0x00): SIGSEGV: Доступ по неверному указателю. Ставьте ассерты! 

Нарушение доступа к памяти.

#1: Исключение EXCEPTION_ACCESS_VIOLATION (0xC0000005) при выполнении кода по адресу 0x76BCE6DE. Попытка прочесть данные по адресу 0xFFFFFFC2 в модуле C:\Windows\System32\msvcrt.dll. Спасибо _txVectoredExceptionHandler(), что сообщил. Люблю его <3

С помощью функции signal() вы можете сами обработать эту ошибку.

#2: TXLib [Ver: 00173a, Rev: 173, Date: 2024-06-23 22:37:05 +0400], Instance: 0x005062FC (32-bit), Flags: Cmdre0, Thread: 0x5494 (Main). 

--------------------------------------------------
Стек вызовов:



--------------------------------------------------
Developed with:

The Dumb Artist Library (TX Library)
TXLib [Ver: 00173a, Rev: 173, Date: 2024-06-23 22:37:05 +0400]
Copyright (C) Ded (Ilya Dedinsky, http://txlib.ru) <mail@txlib.ru>
See license on: http://txlib.ru

TXLib file:	d:\codeblock\codeblocks\mingw\include\txlib.h
Compiled:	Sep  9 2024 21:59:04, GNU g++ 4.8.1, std=201103L, MinGW Runtime 3.20, 32-bit, DEBUG
Started:	Sep 09 2024 21:59:10

Run file:	D:\STUDYC\ONEGIN\version_1.exe
Directory:	D:\STUDYC\ONEGIN

--------------------------------------------------

--------------------------------------------------
TXLib предупреждает:

Программа: D:\STUDYC\ONEGIN\version_1.exe,

ВНЕЗАПНО: Нарушение доступа к памяти.

#1: Исключение EXCEPTION_ACCESS_VIOLATION (0xC0000005) при выполнении кода по адресу 0x76BCE6DE. Попытка прочесть данные по адресу 0xFFFFFFEC в модуле C:\Windows\System32\msvcrt.dll. Спасибо _txVectoredExceptionHandler(), что сообщил. Люблю его <3

#1: TXLib [Ver: 00173a, Rev: 173, Date: 2024-06-23 22:37:05 +0400], Instance: 0x005062FC (32-bit), Flags: Cmdre0, Thread: 0x1C84 (Main). 

--------------------------------------------------
Стек вызовов:



--------------------------------------------------
Developed with:

The Dumb Artist Library (TX Library)
TXLib [Ver: 00173a, Rev: 173, Date: 2024-06-23 22:37:05 +0400]
Copyright (C) Ded (Ilya Dedinsky, http://txlib.ru) <mail@txlib.ru>
See license on: http://txlib.ru

TXLib file:	d:\codeblock\codeblocks\mingw\include\txlib.h
Compiled:	Sep  9 2024 21:59:40, GNU g++ 4.8.1, std=201103L, MinGW Runtime 3.20, 32-bit, DEBUG
Started:	Sep 09 2024 21:59:48

Run file:	D:\STUDYC\ONEGIN\version_1.exe
Directory:	D:\STUDYC\ONEGIN

--------------------------------------------------

--------------------------------------------------
TXLib соболезнует...

Программа: D:\STUDYC\ONEGIN\version_1.exe,

ВНЕЗАПНО: signal (11, 0x00): SIGSEGV: Доступ по неверному указателю. Ставьте ассерты! 

Нарушение доступа к памяти.

#1: Исключение EXCEPTION_ACCESS_VIOLATION (0xC0000005) при выполнении кода по адресу 0x76BCE6DE. Попытка прочесть данные по адресу 0xFFFFFFEC в модуле C:\Windows\System32\msvcrt.dll. Спасибо _txVectoredExceptionHandler(), что сообщил. Люблю его <3

С помощью функции signal() вы можете сами обработать эту ошибку.

#2: TXLib [Ver: 00173a, Rev: 173, Date: 2024-06-23 22:37:05 +0400], Instance: 0x005062FC (32-bit), Flags: Cmdre0, Thread: 0x1C84 (Main). 

--------------------------------------------------
Стек вызовов:



--------------------------------------------------
Developed with:

The Dumb Artist Library (TX Library)
TXLib [Ver: 00173a, Rev: 173, Date: 2024-06-23 22:37:05 +0400]
Copyright (C) Ded (Ilya Dedinsky, http://txlib.ru) <mail@txlib.ru>
See license on: http://txlib.ru

TXLib file:	d:\codeblock\codeblocks\mingw\include\txlib.h
Compiled:	Sep  9 2024 21:59:40, GNU g++ 4.8.1, std=201103L, MinGW Runtime 3.20, 32-bit, DEBUG
Started:	Sep 09 2024 21:59:48

Run file:	D:\STUDYC\ONEGIN\version_1.exe
Directory:	D:\STUDYC\ONEGIN

--------------------------------------------------

--------------------------------------------------
TXLib предупреждает:

Программа: D:\STUDYC\ONEGIN\version_1.exe,

ВНЕЗАПНО: Нарушение доступа к памяти.

#1: Исключение EXCEPTION_ACCESS_VIOLATION (0xC0000005) при выполнении кода по адресу 0x76BCE6DE. Попытка прочесть данные по адресу 0xBE1A9A08 в модуле C:\Windows\System32\msvcrt.dll. Спасибо _txVectoredExceptionHandler(), что сообщил. Люблю его <3

#1: TXLib [Ver: 00173a, Rev: 173, Date: 2024-06-23 22:37:05 +0400], Instance: 0x005062FC (32-bit), Flags: Cmdre0, Thread: 0x4060 (Main). 

--------------------------------------------------
Стек вызовов:



--------------------------------------------------
Developed with:

The Dumb Artist Library (TX Library)
TXLib [Ver: 00173a, Rev: 173, Date: 2024-06-23 22:37:05 +0400]
Copyright (C) Ded (Ilya Dedinsky, http://txlib.ru) <mail@txlib.ru>
See license on: http://txlib.ru

TXLib file:	d:\codeblock\codeblocks\mingw\include\txlib.h
Compiled:	Sep  9 2024 22:10:19, GNU g++ 4.8.1, std=201103L, MinGW Runtime 3.20, 32-bit, DEBUG
Started:	Sep 09 2024 22:10:36

Run file:	D:\STUDYC\ONEGIN\version_1.exe
Directory:	D:\STUDYC\ONEGIN

--------------------------------------------------

--------------------------------------------------
TXLib соболезнует...

Программа: D:\STUDYC\ONEGIN\version_1.exe,

ВНЕЗАПНО: signal (11, 0x00): SIGSEGV: Доступ по неверному указателю. Ставьте ассерты! 

Нарушение доступа к памяти.

#1: Исключение EXCEPTION_ACCESS_VIOLATION (0xC0000005) при выполнении кода по адресу 0x76BCE6DE. Попытка прочесть данные по адресу 0xBE1A9A08 в модуле C:\Windows\System32\msvcrt.dll. Спасибо _txVectoredExceptionHandler(), что сообщил. Люблю его <3

С помощью функции signal() вы можете сами обработать эту ошибку.

#2: TXLib [Ver: 00173a, Rev: 173, Date: 2024-06-23 22:37:05 +0400], Instance: 0x005062FC (32-bit), Flags: Cmdre0, Thread: 0x4060 (Main). 

--------------------------------------------------
Стек вызовов:



--------------------------------------------------
Developed with:

The Dumb Artist Library (TX Library)
TXLib [Ver: 00173a, Rev: 173, Date: 2024-06-23 22:37:05 +0400]
Copyright (C) Ded (Ilya Dedinsky, http://txlib.ru) <mail@txlib.ru>
See license on: http://txlib.ru

TXLib file:	d:\codeblock\codeblocks\mingw\include\txlib.h
Compiled:	Sep  9 2024 22:10:19, GNU g++ 4.8.1, std=201103L, MinGW Runtime 3.20, 32-bit, DEBUG
Started:	Sep 09 2024 22:10:36

Run file:	D:\STUDYC\ONEGIN\version_1.exe
Directory:	D:\STUDYC\ONEGIN

--------------------------------------------------

--------------------------------------------------
TXLib предупреждает:

Программа: D:\STUDYC\ONEGIN\version_1.exe,

ВНЕЗАПНО: Нарушение доступа к памяти.

#1: Исключение EXCEPTION_ACCESS_VIOLATION (0xC0000005) при выполнении кода по адресу 0x76BCE6DE. Попытка прочесть данные по адресу 0xFFFFFFCA в модуле C:\Windows\System32\msvcrt.dll. Спасибо _txVectoredExceptionHandler(), что сообщил. Люблю его <3

#1: TXLib [Ver: 00173a, Rev: 173, Date: 2024-06-23 22:37:05 +0400], Instance: 0x005052FC (32-bit), Flags: Cmdre0, Thread: 0x6024 (Main). 

--------------------------------------------------
Стек вызовов:



--------------------------------------------------
Developed with:

The Dumb Artist Library (TX Library)
TXLib [Ver: 00173a, Rev: 173, Date: 2024-06-23 22:37:05 +0400]
Copyright (C) Ded (Ilya Dedinsky, http://txlib.ru) <mail@txlib.ru>
See license on: http://txlib.ru

TXLib file:	d:\codeblock\codeblocks\mingw\include\txlib.h
Compiled:	Sep 10 2024 00:16:59, GNU g++ 4.8.1, std=201103L, MinGW Runtime 3.20, 32-bit, DEBUG
Started:	Sep 10 2024 00:17:03

Run file:	D:\STUDYC\ONEGIN\version_1.exe
Directory:	D:\STUDYC\ONEGIN

--------------------------------------------------

--------------------------------------------------
TXLib соболезнует...

Программа: D:\STUDYC\ONEGIN\version_1.exe,

ВНЕЗАПНО: signal (11, 0x00): SIGSEGV: Доступ по неверному указателю. Ставьте ассерты! 

Нарушение доступа к памяти.

#1: Исключение EXCEPTION_ACCESS_VIOLATION (0xC0000005) при выполнении кода по адресу 0x76BCE6DE. Попытка прочесть данные по адресу 0xFFFFFFCA в модуле C:\Windows\System32\msvcrt.dll. Спасибо _txVectoredExceptionHandler(), что сообщил. Люблю его <3

С помощью функции signal() вы можете сами обработать эту ошибку.

#2: TXLib [Ver: 00173a, Rev: 173, Date: 2024-06-23 22:37:05 +0400], Instance: 0x005052FC (32-bit), Flags: Cmdre0, Thread: 0x6024 (Main). 

--------------------------------------------------
Стек вызовов:



--------------------------------------------------
Developed with:

The Dumb Artist Library (TX Library)
TXLib [Ver: 00173a, Rev: 173, Date: 2024-06-23 22:37:05 +0400]
Copyright (C) Ded (Ilya Dedinsky, http://txlib.ru) <mail@txlib.ru>
See license on: http://txlib.ru

TXLib file:	d:\codeblock\codeblocks\mingw\include\txlib.h
Compiled:	Sep 10 2024 00:16:59, GNU g++ 4.8.1, std=201103L, MinGW Runtime 3.20, 32-bit, DEBUG
Started:	Sep 10 2024 00:17:03

Run file:	D:\STUDYC\ONEGIN\version_1.exe
Directory:	D:\STUDYC\ONEGIN

--------------------------------------------------

--------------------------------------------------
TXLib предупреждает:

Программа: D:\STUDYC\ONEGIN\version_1.exe,

ВНЕЗАПНО: Нарушение доступа к памяти.

#1: Исключение EXCEPTION_ACCESS_VIOLATION (0xC0000005) при выполнении кода по адресу 0x76BCE6DE. Попытка прочесть данные по адресу 0xFFFFFFCA в модуле C:\Windows\System32\msvcrt.dll. Спасибо _txVectoredExceptionHandler(), что сообщил. Люблю его <3

#1: TXLib [Ver: 00173a, Rev: 173, Date: 2024-06-23 22:37:05 +0400], Instance: 0x005052FC (32-bit), Flags: Cmdre0, Thread: 0x100C (Main). 

--------------------------------------------------
Стек вызовов:



--------------------------------------------------
Developed with:

The Dumb Artist Library (TX Library)
TXLib [Ver: 00173a, Rev: 173, Date: 2024-06-23 22:37:05 +0400]
Copyright (C) Ded (Ilya Dedinsky, http://txlib.ru) <mail@txlib.ru>
See license on: http://txlib.ru

TXLib file:	d:\codeblock\codeblocks\mingw\include\txlib.h
Compiled:	Sep 10 2024 00:17:14, GNU g++ 4.8.1, std=201103L, MinGW Runtime 3.20, 32-bit, DEBUG
Started:	Sep 10 2024 00:17:18

Run file:	D:\STUDYC\ONEGIN\version_1.exe
Directory:	D:\STUDYC\ONEGIN

--------------------------------------------------

--------------------------------------------------
TXLib соболезнует...

Программа: D:\STUDYC\ONEGIN\version_1.exe,

ВНЕЗАПНО: signal (11, 0x00): SIGSEGV: Доступ по неверному указателю. Ставьте ассерты! 

Нарушение доступа к памяти.

#1: Исключение EXCEPTION_ACCESS_VIOLATION (0xC0000005) при выполнении кода по адресу 0x76BCE6DE. Попытка прочесть данные по адресу 0xFFFFFFCA в модуле C:\Windows\System32\msvcrt.dll. Спасибо _txVectoredExceptionHandler(), что сообщил. Люблю его <3

С помощью функции signal() вы можете сами обработать эту ошибку.

#2: TXLib [Ver: 00173a, Rev: 173, Date: 2024-06-23 22:37:05 +0400], Instance: 0x005052FC (32-bit), Flags: Cmdre0, Thread: 0x100C (Main). 

--------------------------------------------------
Стек вызовов:



--------------------------------------------------
Developed with:

The Dumb Artist Library (TX Library)
TXLib [Ver: 00173a, Rev: 173, Date: 2024-06-23 22:37:05 +0400]
Copyright (C) Ded (Ilya Dedinsky, http://txlib.ru) <mail@txlib.ru>
See license on: http://txlib.ru

TXLib file:	d:\codeblock\codeblocks\mingw\include\txlib.h
Compiled:	Sep 10 2024 00:17:14, GNU g++ 4.8.1, std=201103L, MinGW Runtime 3.20, 32-bit, DEBUG
Started:	Sep 10 2024 00:17:18

Run file:	D:\STUDYC\ONEGIN\version_1.exe
Directory:	D:\STUDYC\ONEGIN

--------------------------------------------------

--------------------------------------------------
TXLib предупреждает:

Программа: D:\STUDYC\ONEGIN\version_1.exe,

ВНЕЗАПНО: Нарушение доступа к памяти.

#1: Исключение EXCEPTION_ACCESS_VIOLATION (0xC0000005) при выполнении кода по адресу 0x76BCE6DE. Попытка прочесть данные по адресу 0xFFFFFFCA в модуле C:\Windows\System32\msvcrt.dll. Спасибо _txVectoredExceptionHandler(), что сообщил. Люблю его <3

#1: TXLib [Ver: 00173a, Rev: 173, Date: 2024-06-23 22:37:05 +0400], Instance: 0x005052FC (32-bit), Flags: Cmdre0, Thread: 0x5D30 (Main). 

--------------------------------------------------
Стек вызовов:



--------------------------------------------------
Developed with:

The Dumb Artist Library (TX Library)
TXLib [Ver: 00173a, Rev: 173, Date: 2024-06-23 22:37:05 +0400]
Copyright (C) Ded (Ilya Dedinsky, http://txlib.ru) <mail@txlib.ru>
See license on: http://txlib.ru

TXLib file:	d:\codeblock\codeblocks\mingw\include\txlib.h
Compiled:	Sep 10 2024 00:18:35, GNU g++ 4.8.1, std=201103L, MinGW Runtime 3.20, 32-bit, DEBUG
Started:	Sep 10 2024 00:18:39

Run file:	D:\STUDYC\ONEGIN\version_1.exe
Directory:	D:\STUDYC\ONEGIN

--------------------------------------------------

--------------------------------------------------
TXLib соболезнует...

Программа: D:\STUDYC\ONEGIN\version_1.exe,

ВНЕЗАПНО: signal (11, 0x00): SIGSEGV: Доступ по неверному указателю. Ставьте ассерты! 

Нарушение доступа к памяти.

#1: Исключение EXCEPTION_ACCESS_VIOLATION (0xC0000005) при выполнении кода по адресу 0x76BCE6DE. Попытка прочесть данные по адресу 0xFFFFFFCA в модуле C:\Windows\System32\msvcrt.dll. Спасибо _txVectoredExceptionHandler(), что сообщил. Люблю его <3

С помощью функции signal() вы можете сами обработать эту ошибку.

#2: TXLib [Ver: 00173a, Rev: 173, Date: 2024-06-23 22:37:05 +0400], Instance: 0x005052FC (32-bit), Flags: Cmdre0, Thread: 0x5D30 (Main). 

--------------------------------------------------
Стек вызовов:



--------------------------------------------------
Developed with:

The Dumb Artist Library (TX Library)
TXLib [Ver: 00173a, Rev: 173, Date: 2024-06-23 22:37:05 +0400]
Copyright (C) Ded (Ilya Dedinsky, http://txlib.ru) <mail@txlib.ru>
See license on: http://txlib.ru

TXLib file:	d:\codeblock\codeblocks\mingw\include\txlib.h
Compiled:	Sep 10 2024 00:18:35, GNU g++ 4.8.1, std=201103L, MinGW Runtime 3.20, 32-bit, DEBUG
Started:	Sep 10 2024 00:18:39

Run file:	D:\STUDYC\ONEGIN\version_1.exe
Directory:	D:\STUDYC\ONEGIN

--------------------------------------------------
